INFO:WDM:Current google-chrome version is 87.0.4280
INFO:WDM:Get LATEST driver version for 87.0.4280
INFO:WDM:Driver [C:\Users\Lavanya\.wdm\drivers\chromedriver\win32\87.0.4280.20\chromedriver.exe] found in cache
INFO:root:************Test_002_DDT_Login************
INFO:root:************test_Loginpage_DDT veriying*************
INFO:root:*******condition passed*******
INFO:root:*******condition passed*******
INFO:root:*******condition passed*******
INFO:root:Login DDT test passed
INFO:root:**********End of Login DDT test****************
INFO:WDM:Current google-chrome version is 87.0.4280
INFO:WDM:Get LATEST driver version for 87.0.4280
INFO:WDM:Driver [C:\Users\Lavanya\.wdm\drivers\chromedriver\win32\87.0.4280.20\chromedriver.exe] found in cache
INFO:root:************Test_002_DDT_Login************
INFO:root:************test_Loginpage_DDT veriying*************
INFO:root:*******condition passed*******
INFO:root:*******condition passed*******
INFO:root:*******condition passed*******
INFO:root:******Login DDT test passed********
INFO:root:**********End of Login DDT test****************
INFO:WDM:Current google-chrome version is 87.0.4280
INFO:WDM:Get LATEST driver version for 87.0.4280
INFO:WDM:Driver [C:\Users\Lavanya\.wdm\drivers\chromedriver\win32\87.0.4280.20\chromedriver.exe] found in cache
INFO:root:************Test_002_DDT_Login************
INFO:root:************test_Loginpage_DDT veriying*************
INFO:root:*******condition passed*******
INFO:root:*******condition passed*******
INFO:root:*******condition passed*******
INFO:root:******Login DDT test passed********
INFO:root:**********End of Login DDT test****************
INFO:WDM:Current google-chrome version is 87.0.4280
INFO:WDM:Get LATEST driver version for 87.0.4280
INFO:WDM:Driver [C:\Users\Lavanya\.wdm\drivers\chromedriver\win32\87.0.4280.20\chromedriver.exe] found in cache
INFO:root:************Test_002_DDT_Login************
INFO:root:************test_Loginpage_DDT veriying*************
INFO:root:*******condition passed*******
INFO:root:*******condition failed*******
INFO:root:*******condition passed*******
INFO:root:*********Login DDT test failed***************
INFO:WDM:Current google-chrome version is 87.0.4280
INFO:WDM:Get LATEST driver version for 87.0.4280
INFO:WDM:Get LATEST driver version for 87.0.4280
INFO:WDM:Trying to download new driver from http://chromedriver.storage.googleapis.com/87.0.4280.20/chromedriver_win32.zip
INFO:WDM:Driver has been saved in cache [C:\Users\Lavanya\.wdm\drivers\chromedriver\win32\87.0.4280.20]
INFO:root:************Test_003_Login*******************
INFO:root:**************Login succesfully*****************
INFO:root:*******************Starting Add Customer Test***************************
INFO:root:********Providing customer info***************
INFO:WDM:Current google-chrome version is 87.0.4280
INFO:WDM:Get LATEST driver version for 87.0.4280
INFO:WDM:Driver [C:\Users\Lavanya\.wdm\drivers\chromedriver\win32\87.0.4280.20\chromedriver.exe] found in cache
INFO:root:************Test_003_Login*******************
INFO:root:**************Login succesfully*****************
INFO:root:*******************Starting Add Customer Test***************************
INFO:root:********Providing customer info***************
INFO:WDM:Current google-chrome version is 87.0.4280
INFO:WDM:Get LATEST driver version for 87.0.4280
INFO:WDM:Driver [C:\Users\Lavanya\.wdm\drivers\chromedriver\win32\87.0.4280.20\chromedriver.exe] found in cache
INFO:root:************Test_003_Login*******************
INFO:root:**************Login succesfully*****************
INFO:root:*******************Starting Add Customer Test***************************
INFO:root:********Providing customer info***************
INFO:WDM:Current google-chrome version is 87.0.4280
INFO:WDM:Get LATEST driver version for 87.0.4280
INFO:WDM:Driver [C:\Users\Lavanya\.wdm\drivers\chromedriver\win32\87.0.4280.20\chromedriver.exe] found in cache
INFO:root:************Test_003_Login*******************
INFO:root:**************Login succesfully*****************
INFO:root:*******************Starting Add Customer Test***************************
INFO:root:********Providing customer info***************
INFO:WDM:Current google-chrome version is 87.0.4280
INFO:WDM:Get LATEST driver version for 87.0.4280
INFO:WDM:Driver [C:\Users\Lavanya\.wdm\drivers\chromedriver\win32\87.0.4280.20\chromedriver.exe] found in cache
INFO:root:************Test_003_Login*******************
INFO:root:**************Login succesfully*****************
INFO:root:*******************Starting Add Customer Test***************************
INFO:root:********Providing customer info***************
INFO:WDM:Current google-chrome version is 87.0.4280
INFO:WDM:Get LATEST driver version for 87.0.4280
INFO:WDM:Driver [C:\Users\Lavanya\.wdm\drivers\chromedriver\win32\87.0.4280.20\chromedriver.exe] found in cache
INFO:root:************Test_003_Login*******************
INFO:root:**************Login succesfully*****************
INFO:root:*******************Starting Add Customer Test***************************
INFO:root:********Providing customer info***************
INFO:WDM:Current google-chrome version is 87.0.4280
INFO:WDM:Get LATEST driver version for 87.0.4280
INFO:WDM:Driver [C:\Users\Lavanya\.wdm\drivers\chromedriver\win32\87.0.4280.20\chromedriver.exe] found in cache
INFO:root:************Test_003_Login*******************
INFO:root:**************Login succesfully*****************
INFO:root:*******************Starting Add Customer Test***************************
INFO:root:********Providing customer info***************
INFO:WDM:Current google-chrome version is 87.0.4280
INFO:WDM:Get LATEST driver version for 87.0.4280
INFO:WDM:Driver [C:\Users\Lavanya\.wdm\drivers\chromedriver\win32\87.0.4280.20\chromedriver.exe] found in cache
INFO:root:************Test_003_Login*******************
INFO:root:**************Login succesfully*****************
INFO:root:*******************Starting Add Customer Test***************************
INFO:root:********Providing customer info***************
INFO:root:*******Saving customer info*******
INFO:root:*******Add customer validation started*******
INFO:root:*************Add customer failed*******************
INFO:root:***********End of Homepage title test****************
INFO:WDM:Current google-chrome version is 87.0.4280
INFO:WDM:Get LATEST driver version for 87.0.4280
INFO:WDM:Driver [C:\Users\Lavanya\.wdm\drivers\chromedriver\win32\87.0.4280.20\chromedriver.exe] found in cache
INFO:root:************Test_003_Login*******************
INFO:root:**************Login succesfully*****************
INFO:root:*******************Starting Add Customer Test***************************
INFO:root:********Providing customer info***************
INFO:root:*******Saving customer info*******
INFO:root:*******Add customer validation started*******
INFO:root:*************Add customer failed*******************
INFO:root:***********End of Homepage title test****************
INFO:WDM:Current google-chrome version is 87.0.4280
INFO:WDM:Get LATEST driver version for 87.0.4280
INFO:WDM:Driver [C:\Users\Lavanya\.wdm\drivers\chromedriver\win32\87.0.4280.20\chromedriver.exe] found in cache
INFO:root:************Test_003_Login*******************
INFO:root:**************Login succesfully*****************
INFO:root:*******************Starting Add Customer Test***************************
INFO:root:********Providing customer info***************
INFO:root:*******Saving customer info*******
INFO:root:*******Add customer validation started*******
INFO:root:*************Add customer failed*******************
INFO:root:***********End of Homepage title test****************
INFO:WDM:Current google-chrome version is 87.0.4280
INFO:WDM:Get LATEST driver version for 87.0.4280
INFO:WDM:Driver [C:\Users\Lavanya\.wdm\drivers\chromedriver\win32\87.0.4280.20\chromedriver.exe] found in cache
INFO:root:************Test_003_Login*******************
INFO:root:**************Login succesfully*****************
INFO:root:*******************Starting Add Customer Test***************************
INFO:root:********Providing customer info***************
INFO:root:*******Saving customer info*******
INFO:root:*******Add customer validation started*******
INFO:root:*************Add customer failed*******************
INFO:root:***********End of Homepage title test****************
INFO:WDM:Current google-chrome version is 87.0.4280
INFO:WDM:Get LATEST driver version for 87.0.4280
INFO:WDM:Driver [C:\Users\Lavanya\.wdm\drivers\chromedriver\win32\87.0.4280.20\chromedriver.exe] found in cache
INFO:root:************Test_003_Login*******************
INFO:root:**************Login succesfully*****************
INFO:root:*******************Starting Add Customer Test***************************
INFO:root:********Providing customer info***************
INFO:root:*******Saving customer info*******
INFO:root:*******Add customer validation started*******
INFO:root:*************Add customer failed*******************
INFO:root:***********End of Homepage title test****************
INFO:WDM:Current google-chrome version is 87.0.4280
INFO:WDM:Get LATEST driver version for 87.0.4280
INFO:WDM:Driver [C:\Users\Lavanya\.wdm\drivers\chromedriver\win32\87.0.4280.20\chromedriver.exe] found in cache
INFO:root:************Test_003_Login*******************
INFO:root:**************Login succesfully*****************
INFO:root:*******************Starting Add Customer Test***************************
INFO:root:********Providing customer info***************
INFO:root:*******Saving customer info*******
INFO:root:*******Add customer validation started*******
INFO:root:*************Add customer failed*******************
INFO:root:***********End of Homepage title test****************
INFO:WDM:Current google-chrome version is 87.0.4280
INFO:WDM:Get LATEST driver version for 87.0.4280
INFO:WDM:Driver [C:\Users\Lavanya\.wdm\drivers\chromedriver\win32\87.0.4280.20\chromedriver.exe] found in cache
INFO:root:************Test_003_Login*******************
INFO:root:**************Login succesfully*****************
INFO:root:*******************Starting Add Customer Test***************************
INFO:root:********Providing customer info***************
INFO:root:*******Saving customer info*******
INFO:root:*******Add customer validation started*******
INFO:root:*************Add customer failed*******************
INFO:root:***********End of Homepage title test****************
INFO:WDM:Current google-chrome version is 87.0.4280
INFO:WDM:Get LATEST driver version for 87.0.4280
INFO:WDM:Driver [C:\Users\Lavanya\.wdm\drivers\chromedriver\win32\87.0.4280.20\chromedriver.exe] found in cache
INFO:root:************Test_003_Login*******************
INFO:root:**************Login succesfully*****************
INFO:root:*******************Starting Add Customer Test***************************
INFO:root:********Providing customer info***************
INFO:root:*******Saving customer info*******
INFO:root:*******Add customer validation started*******
INFO:root:*************Add customer failed*******************
INFO:root:***********End of Homepage title test****************
INFO:WDM:Current google-chrome version is 87.0.4280
INFO:WDM:Get LATEST driver version for 87.0.4280
INFO:WDM:Get LATEST driver version for 87.0.4280
INFO:WDM:Trying to download new driver from http://chromedriver.storage.googleapis.com/87.0.4280.20/chromedriver_win32.zip
INFO:WDM:Driver has been saved in cache [C:\Users\Lavanya\.wdm\drivers\chromedriver\win32\87.0.4280.20]
INFO:root:************Test_003_Login*******************
INFO:root:**************Login succesfully*****************
INFO:root:*******************Starting Add Customer Test***************************
INFO:root:********Providing customer info***************
INFO:root:*******Saving customer info*******
INFO:root:*******Add customer validation started*******
INFO:root:*************Add customer failed*******************
INFO:root:***********End of Homepage title test****************
INFO:WDM:Current google-chrome version is 87.0.4280
INFO:WDM:Get LATEST driver version for 87.0.4280
INFO:WDM:Driver [C:\Users\Lavanya\.wdm\drivers\chromedriver\win32\87.0.4280.20\chromedriver.exe] found in cache
INFO:root:************Test_001_Login*************
INFO:root:************verifiying homepage************
INFO:WDM:Current google-chrome version is 87.0.4280
INFO:WDM:Get LATEST driver version for 87.0.4280
INFO:WDM:Driver [C:\Users\Lavanya\.wdm\drivers\chromedriver\win32\87.0.4280.20\chromedriver.exe] found in cache
INFO:WDM:Current google-chrome version is 87.0.4280
INFO:WDM:Get LATEST driver version for 87.0.4280
INFO:WDM:Driver [C:\Users\Lavanya\.wdm\drivers\chromedriver\win32\87.0.4280.20\chromedriver.exe] found in cache
INFO:root:************Test_002_DDT_Login************
INFO:root:************test_Loginpage_DDT veriying*************
INFO:WDM:Current google-chrome version is 87.0.4280
INFO:WDM:Get LATEST driver version for 87.0.4280
INFO:WDM:Driver [C:\Users\Lavanya\.wdm\drivers\chromedriver\win32\87.0.4280.20\chromedriver.exe] found in cache
INFO:WDM:Current google-chrome version is 87.0.4280
INFO:WDM:Get LATEST driver version for 87.0.4280
INFO:WDM:Driver [C:\Users\Lavanya\.wdm\drivers\chromedriver\win32\87.0.4280.20\chromedriver.exe] found in cache
INFO:root:************Test_004_Login*******************
INFO:root:**************Login succesfully*****************
INFO:WDM:Current google-chrome version is 87.0.4280
INFO:WDM:Get LATEST driver version for 87.0.4280
INFO:WDM:Driver [C:\Users\Lavanya\.wdm\drivers\chromedriver\win32\87.0.4280.20\chromedriver.exe] found in cache
INFO:root:************Test_004_Login*******************
INFO:root:**************Login succesfully*****************
INFO:root:********searching for customer by emailId***************
INFO:WDM:Current google-chrome version is 87.0.4280
INFO:WDM:Get LATEST driver version for 87.0.4280
INFO:WDM:Driver [C:\Users\Lavanya\.wdm\drivers\chromedriver\win32\87.0.4280.20\chromedriver.exe] found in cache
INFO:root:************Test_004_Login*******************
INFO:root:**************Login succesfully*****************
INFO:root:********searching for customer by emailId***************
INFO:WDM:Current google-chrome version is 87.0.4280
INFO:WDM:Get LATEST driver version for 87.0.4280
INFO:WDM:Driver [C:\Users\Lavanya\.wdm\drivers\chromedriver\win32\87.0.4280.20\chromedriver.exe] found in cache
INFO:root:************Test_004_Login*******************
INFO:WDM:Current google-chrome version is 87.0.4280
INFO:WDM:Get LATEST driver version for 87.0.4280
INFO:WDM:Driver [C:\Users\Lavanya\.wdm\drivers\chromedriver\win32\87.0.4280.20\chromedriver.exe] found in cache
INFO:root:************Test_004_Login*******************
INFO:root:**************Login succesfully*****************
INFO:root:********searching for customer by emailId***************
INFO:WDM:Current google-chrome version is 87.0.4280
INFO:WDM:Get LATEST driver version for 87.0.4280
INFO:WDM:Driver [C:\Users\Lavanya\.wdm\drivers\chromedriver\win32\87.0.4280.20\chromedriver.exe] found in cache
INFO:root:************Test_004_Login*******************
INFO:root:**************Login succesfully*****************
INFO:root:********searching for customer by emailId***************
INFO:WDM:Current google-chrome version is 87.0.4280
INFO:WDM:Get LATEST driver version for 87.0.4280
INFO:WDM:Driver [C:\Users\Lavanya\.wdm\drivers\chromedriver\win32\87.0.4280.20\chromedriver.exe] found in cache
INFO:root:************Test_004_Login*******************
INFO:root:**************Login succesfully*****************
INFO:root:********searching for customer by emailId***************
INFO:WDM:Current google-chrome version is 87.0.4280
INFO:WDM:Get LATEST driver version for 87.0.4280
INFO:WDM:Driver [C:\Users\Lavanya\.wdm\drivers\chromedriver\win32\87.0.4280.20\chromedriver.exe] found in cache
INFO:root:************Test_004_Login*******************
INFO:root:**************Login succesfully*****************
INFO:root:********searching for customer by emailId***************
INFO:WDM:Current google-chrome version is 87.0.4280
INFO:WDM:Get LATEST driver version for 87.0.4280
INFO:WDM:Driver [C:\Users\Lavanya\.wdm\drivers\chromedriver\win32\87.0.4280.20\chromedriver.exe] found in cache
INFO:root:************Test_004_Login*******************
INFO:root:**************Login succesfully*****************
INFO:root:********searching for customer by emailId***************
INFO:WDM:Current google-chrome version is 87.0.4280
INFO:WDM:Get LATEST driver version for 87.0.4280
INFO:WDM:Driver [C:\Users\Lavanya\.wdm\drivers\chromedriver\win32\87.0.4280.20\chromedriver.exe] found in cache
INFO:root:************Test_004_Login*******************
INFO:root:**************Login succesfully*****************
INFO:root:********searching for customer by Name***************
INFO:WDM:Current google-chrome version is 87.0.4280
INFO:WDM:Get LATEST driver version for 87.0.4280
INFO:WDM:Driver [C:\Users\Lavanya\.wdm\drivers\chromedriver\win32\87.0.4280.20\chromedriver.exe] found in cache
INFO:root:************Test_004_Login*******************
INFO:root:**************Login succesfully*****************
INFO:root:********searching for customer by emailId***************
INFO:WDM:Trying to download new driver from http://selenium-release.storage.googleapis.com/3.150/IEDriverServer_x64_3.150.1.zip
INFO:WDM:Driver has been saved in cache [C:\Users\Lavanya\.wdm\drivers\IEDriverServer\x64\3.150.1]
INFO:root:************Test_003_Login*******************
INFO:WDM:Driver [C:\Users\Lavanya\.wdm\drivers\IEDriverServer\x64\3.150.1\IEDriverServer.exe] found in cache
INFO:root:************Test_003_Login*******************
INFO:WDM:Driver [C:\Users\Lavanya\.wdm\drivers\IEDriverServer\x64\3.150.1\IEDriverServer.exe] found in cache
INFO:root:************Test_003_Login*******************
INFO:WDM:Driver [C:\Users\Lavanya\.wdm\drivers\IEDriverServer\x64\3.150.1\IEDriverServer.exe] found in cache
INFO:root:************Test_003_Login*******************
INFO:WDM:Current google-chrome version is 87.0.4280
INFO:WDM:Get LATEST driver version for 87.0.4280
INFO:WDM:Driver [C:\Users\Lavanya\.wdm\drivers\chromedriver\win32\87.0.4280.20\chromedriver.exe] found in cache
INFO:root:************Test_003_Login*******************
INFO:root:**************Login succesfully*****************
INFO:root:*******************Starting Add Customer Test***************************
INFO:root:********Providing customer info***************
INFO:root:*******Saving customer info*******
INFO:root:*******Add customer validation started*******
INFO:root:*************Add customer failed*******************
INFO:root:***********End of Homepage title test****************
INFO:WDM:Current google-chrome version is 87.0.4280
INFO:WDM:Get LATEST driver version for 87.0.4280
INFO:WDM:Driver [C:\Users\Lavanya\.wdm\drivers\chromedriver\win32\87.0.4280.20\chromedriver.exe] found in cache
INFO:root:************Test_004_Login*******************
INFO:root:**************Login succesfully*****************
INFO:root:********searching for customer by emailId***************
INFO:WDM:Current google-chrome version is 87.0.4280
INFO:WDM:Get LATEST driver version for 87.0.4280
INFO:WDM:Driver [C:\Users\Lavanya\.wdm\drivers\chromedriver\win32\87.0.4280.20\chromedriver.exe] found in cache
INFO:root:************Test_004_Login*******************
INFO:root:**************Login succesfully*****************
INFO:WDM:Current google-chrome version is 87.0.4280
INFO:WDM:Get LATEST driver version for 87.0.4280
INFO:WDM:Driver [C:\Users\Lavanya\.wdm\drivers\chromedriver\win32\87.0.4280.20\chromedriver.exe] found in cache
INFO:root:************Test_004_Login*******************
INFO:root:**************Login succesfully*****************
INFO:root:********searching for customer by emailId***************
INFO:WDM:Current google-chrome version is 87.0.4280
INFO:WDM:Get LATEST driver version for 87.0.4280
INFO:WDM:Driver [C:\Users\Lavanya\.wdm\drivers\chromedriver\win32\87.0.4280.20\chromedriver.exe] found in cache
INFO:root:************Test_004_Login*******************
INFO:root:**************Login succesfully*****************
INFO:root:********searching for customer by emailId***************
INFO:WDM:Current google-chrome version is 87.0.4280
INFO:WDM:Get LATEST driver version for 87.0.4280
INFO:WDM:Driver [C:\Users\Lavanya\.wdm\drivers\chromedriver\win32\87.0.4280.20\chromedriver.exe] found in cache
INFO:root:************Test_004_Login*******************
INFO:root:**************Login succesfully*****************
INFO:root:********searching for customer by Name***************
INFO:WDM:Current google-chrome version is 87.0.4280
INFO:WDM:Get LATEST driver version for 87.0.4280
INFO:WDM:Driver [C:\Users\Lavanya\.wdm\drivers\chromedriver\win32\87.0.4280.20\chromedriver.exe] found in cache
INFO:root:************Test_004_Login*******************
INFO:root:**************Login succesfully*****************
INFO:root:********searching for customer by Name***************
INFO:WDM:Current google-chrome version is 87.0.4280
INFO:WDM:Get LATEST driver version for 87.0.4280
INFO:WDM:Driver [C:\Users\Lavanya\.wdm\drivers\chromedriver\win32\87.0.4280.20\chromedriver.exe] found in cache
INFO:root:************Test_004_Login*******************
INFO:root:**************Login succesfully*****************
INFO:root:********searching for customer by Name***************
INFO:WDM:Current google-chrome version is 87.0.4280
INFO:WDM:Get LATEST driver version for 87.0.4280
INFO:WDM:Driver [C:\Users\Lavanya\.wdm\drivers\chromedriver\win32\87.0.4280.20\chromedriver.exe] found in cache
INFO:root:************Test_004_Login*******************
INFO:root:**************Login succesfully*****************
INFO:root:********searching for customer by Name***************
INFO:WDM:Current google-chrome version is 87.0.4280
INFO:WDM:Get LATEST driver version for 87.0.4280
INFO:WDM:Driver [C:\Users\Lavanya\.wdm\drivers\chromedriver\win32\87.0.4280.20\chromedriver.exe] found in cache
INFO:root:************Test_004_Login*******************
INFO:root:**************Login succesfully*****************
INFO:root:********searching for customer by Name***************
INFO:root:********Tc_ searchCustomerByName_005 passed***************
INFO:WDM:Current google-chrome version is 87.0.4280
INFO:WDM:Get LATEST driver version for 87.0.4280
INFO:WDM:Driver [C:\Users\Lavanya\.wdm\drivers\chromedriver\win32\87.0.4280.20\chromedriver.exe] found in cache
INFO:root:************Test_004_Login*******************
INFO:root:**************Login succesfully*****************
INFO:root:********searching for customer by Name***************
INFO:WDM:Current google-chrome version is 87.0.4280
INFO:WDM:Get LATEST driver version for 87.0.4280
INFO:WDM:Driver [C:\Users\Lavanya\.wdm\drivers\chromedriver\win32\87.0.4280.20\chromedriver.exe] found in cache
INFO:root:************Test_004_Login*******************
INFO:root:**************Login succesfully*****************
INFO:root:********searching for customer by Name***************
INFO:WDM:Current google-chrome version is 87.0.4280
INFO:WDM:Get LATEST driver version for 87.0.4280
INFO:WDM:Driver [C:\Users\Lavanya\.wdm\drivers\chromedriver\win32\87.0.4280.20\chromedriver.exe] found in cache
INFO:root:************Test_004_Login*******************
INFO:WDM:Current google-chrome version is 87.0.4280
INFO:WDM:Get LATEST driver version for 87.0.4280
INFO:WDM:Driver [C:\Users\Lavanya\.wdm\drivers\chromedriver\win32\87.0.4280.20\chromedriver.exe] found in cache
INFO:root:************Test_004_Login*******************
INFO:root:**************Login succesfully*****************
INFO:root:********searching for customer by Name***************
INFO:WDM:Current google-chrome version is 87.0.4280
INFO:WDM:Get LATEST driver version for 87.0.4280
INFO:WDM:Get LATEST driver version for 87.0.4280
INFO:WDM:Trying to download new driver from http://chromedriver.storage.googleapis.com/87.0.4280.20/chromedriver_win32.zip
INFO:WDM:Driver has been saved in cache [C:\Users\Lavanya\.wdm\drivers\chromedriver\win32\87.0.4280.20]
INFO:root:************Test_004_Login*******************
INFO:root:**************Login succesfully*****************
INFO:root:********searching for customer by emailId***************
INFO:root:********Tc_ searchCustomerByemailId_004 passed***************
INFO:WDM:Current google-chrome version is 87.0.4280
INFO:WDM:Get LATEST driver version for 87.0.4280
INFO:WDM:Driver [C:\Users\Lavanya\.wdm\drivers\chromedriver\win32\87.0.4280.20\chromedriver.exe] found in cache
INFO:root:************Test_006_Login*******************
INFO:root:**************Login succesfully*****************
INFO:root:**************Test_Export the file to excel*****************
INFO:WDM:Current google-chrome version is 87.0.4280
INFO:WDM:Get LATEST driver version for 87.0.4280
INFO:WDM:Driver [C:\Users\Lavanya\.wdm\drivers\chromedriver\win32\87.0.4280.20\chromedriver.exe] found in cache
INFO:root:************Test_006_Login*******************
INFO:root:**************Login succesfully*****************
INFO:root:**************Test_Export the file to excel*****************
INFO:WDM:Current google-chrome version is 87.0.4280
INFO:WDM:Get LATEST driver version for 87.0.4280
INFO:WDM:Driver [C:\Users\Lavanya\.wdm\drivers\chromedriver\win32\87.0.4280.20\chromedriver.exe] found in cache
INFO:root:************Test_006_Login*******************
INFO:root:**************Login succesfully*****************
INFO:root:**************Test_Export the file to excel*****************
INFO:WDM:Current google-chrome version is 87.0.4280
INFO:WDM:Get LATEST driver version for 87.0.4280
INFO:WDM:Driver [C:\Users\Lavanya\.wdm\drivers\chromedriver\win32\87.0.4280.20\chromedriver.exe] found in cache
INFO:root:************Test_006_Login*******************
INFO:root:**************Login succesfully*****************
INFO:root:**************Test_Export the file to excel*****************
INFO:WDM:Current google-chrome version is 87.0.4280
INFO:WDM:Get LATEST driver version for 87.0.4280
INFO:WDM:Get LATEST driver version for 87.0.4280
INFO:WDM:Trying to download new driver from http://chromedriver.storage.googleapis.com/87.0.4280.20/chromedriver_win32.zip
INFO:WDM:Driver has been saved in cache [C:\Users\Lavanya\.wdm\drivers\chromedriver\win32\87.0.4280.20]
INFO:root:************Test_003_Login*******************
INFO:root:**************Login succesfully*****************
INFO:root:*******************Starting Add Customer Test***************************
INFO:root:********Providing customer info***************
INFO:root:*******Saving customer info*******
INFO:root:*******Add customer validation started*******
INFO:root:*************Add customer failed*******************
INFO:root:***********End of Homepage title test****************
INFO:WDM:Current google-chrome version is 87.0.4280
INFO:WDM:Get LATEST driver version for 87.0.4280
INFO:WDM:Driver [C:\Users\Lavanya\.wdm\drivers\chromedriver\win32\87.0.4280.20\chromedriver.exe] found in cache
INFO:root:************Test_001_Login*************
INFO:root:************verifiying homepage************
INFO:root:************homepage test passed*************
INFO:WDM:Current google-chrome version is 87.0.4280
INFO:WDM:Get LATEST driver version for 87.0.4280
INFO:WDM:Driver [C:\Users\Lavanya\.wdm\drivers\chromedriver\win32\87.0.4280.20\chromedriver.exe] found in cache
INFO:root:************Test_006_Login*******************
INFO:root:**************Login succesfully*****************
INFO:root:**************Test_Export the file to excel*****************
INFO:WDM:Current google-chrome version is 87.0.4280
INFO:WDM:Get LATEST driver version for 87.0.4280
INFO:WDM:Driver [C:\Users\Lavanya\.wdm\drivers\chromedriver\win32\87.0.4280.20\chromedriver.exe] found in cache
INFO:root:************Test_003_Login*******************
INFO:root:**************Login succesfully*****************
INFO:root:*******************Starting Add Customer Test***************************
INFO:root:********Providing customer info***************
INFO:root:*******Saving customer info*******
INFO:root:*******Add customer validation started*******
INFO:root:*************Add customer failed*******************
INFO:root:***********End of Homepage title test****************
INFO:WDM:Current google-chrome version is 87.0.4280
INFO:WDM:Get LATEST driver version for 87.0.4280
INFO:WDM:Driver [C:\Users\Lavanya\.wdm\drivers\chromedriver\win32\87.0.4280.20\chromedriver.exe] found in cache
INFO:root:************Test_001_Login*************
INFO:root:************verifiying homepage************
INFO:root:************homepage test passed*************
INFO:WDM:Current google-chrome version is 87.0.4280
INFO:WDM:Get LATEST driver version for 87.0.4280
INFO:WDM:Get LATEST driver version for 87.0.4280
INFO:WDM:Trying to download new driver from http://chromedriver.storage.googleapis.com/87.0.4280.20/chromedriver_win32.zip
INFO:WDM:Driver has been saved in cache [C:\Users\Lavanya\.wdm\drivers\chromedriver\win32\87.0.4280.20]
INFO:root:************Test_003_Login*******************
INFO:root:**************Login succesfully*****************
INFO:root:*******************Starting Add Customer Test***************************
INFO:root:********Providing customer info***************
INFO:root:*******Saving customer info*******
INFO:root:*******Add customer validation started*******
INFO:root:*************Add customer failed*******************
INFO:root:***********End of Homepage title test****************
INFO:WDM:Current google-chrome version is 87.0.4280
INFO:WDM:Get LATEST driver version for 87.0.4280
INFO:WDM:Driver [C:\Users\Lavanya\.wdm\drivers\chromedriver\win32\87.0.4280.20\chromedriver.exe] found in cache
INFO:root:************Test_001_Login*************
INFO:root:************verifiying homepage************
INFO:root:************homepage test passed*************
INFO:WDM:Current google-chrome version is 87.0.4280
INFO:WDM:Get LATEST driver version for 87.0.4280
INFO:WDM:Driver [C:\Users\Lavanya\.wdm\drivers\chromedriver\win32\87.0.4280.20\chromedriver.exe] found in cache
INFO:root:************Test_006_Login*******************
INFO:root:**************Login succesfully*****************
INFO:root:**************Test_Export the file to excel*****************
INFO:WDM:Getting latest mozilla release info for v0.28.0
INFO:WDM:Trying to download new driver from https://github.com/mozilla/geckodriver/releases/download/v0.28.0/geckodriver-v0.28.0-win64.zip
INFO:WDM:Driver has been saved in cache [C:\Users\Lavanya\.wdm\drivers\geckodriver\win64\v0.28.0]
INFO:WDM:Driver [C:\Users\Lavanya\.wdm\drivers\geckodriver\win64\v0.28.0\geckodriver.exe] found in cache
INFO:WDM:Trying to download new driver from http://selenium-release.storage.googleapis.com/3.150/IEDriverServer_x64_3.150.1.zip
INFO:WDM:Driver has been saved in cache [C:\Users\Lavanya\.wdm\drivers\IEDriverServer\x64\3.150.1]
INFO:root:************Test_003_Login*******************
